<?xml version="1.0" encoding="UTF-8"?>
<!-- Generated by org.testng.reporters.JUnitReportReporter -->
<testsuite hostname="LAPTOP-ODVPAJDQ" failures="0" tests="1" name="com.tests.ThreeTest" time="31.223" errors="0" timestamp="2023-04-16T11:11:16 IST" skipped="0">
  <testcase classname="com.tests.ThreeTest" name="threeTest" time="31.223"/>
  <system-out/>
</testsuite> <!-- com.tests.ThreeTest -->
