<?xml version="1.0" encoding="UTF-8"?>
<!-- Generated by org.testng.reporters.JUnitReportReporter -->
<testsuite hostname="LAPTOP-ODVPAJDQ" failures="0" tests="1" name="com.tests.TwoTest" time="28.524" errors="0" timestamp="2023-04-16T11:11:16 IST" skipped="0">
  <testcase classname="com.tests.TwoTest" name="testTwo" time="28.524"/>
  <system-out/>
</testsuite> <!-- com.tests.TwoTest -->
